  AIZEggRobo.cpp
  AIZEncoreTutorial.cpp
  AIZKingClaw.cpp
  AIZRockPile.cpp
  AIZSetup.cpp
  AIZTornado.cpp
  AIZTornadoPath.cpp
  AmoebaDroid.cpp
  AnimalHBH.cpp
  Announcer.cpp
  Aquis.cpp
  Armadiloid.cpp
  BGSwitch.cpp
  BSS_Collectable.cpp
  BSS_Collected.cpp
  BSS_HUD.cpp
  BSS_Horizon.cpp
  BSS_Message.cpp
  BSS_Palette.cpp
  BSS_Player.cpp
  Generating Code...
  Compiling...
  BSS_Setup.cpp
  BallCannon.cpp
  BallHog.cpp
  BarStool.cpp
  Batbrain.cpp
  Beanstalk.cpp
  BigSqueeze.cpp
  BladePole.cpp
  Blaster.cpp
  Blastoid.cpp
  Bloominator.cpp
  BouncePlant.cpp
  BreakBar.cpp
  BreakableWall.cpp
  Bridge.cpp
  BuckwildBall.cpp
  Buggernaut.cpp
  Bumpalo.cpp
  Bungee.cpp
  BurningLog.cpp
  Generating Code...
  Compiling...
  Button.cpp
  ButtonDoor.cpp
  BuzzBomber.cpp
  BuzzSaw.cpp
  CPZ1Intro.cpp
  CPZ2Outro.cpp
  CPZBoss.cpp
  CPZSetup.cpp
  CPZShutter.cpp
  CableWarp.cpp
  Cactula.cpp
  Camera.cpp
  Canista.cpp
  CaterkillerJr.cpp
  ChaosEmerald.cpp
  CheckerBall.cpp
  ChemBubble.cpp
  ChemicalBall.cpp
  ChemicalPool.cpp
  Chopper.cpp
  Generating Code...
  Compiling...
  CircleBumper.cpp
  Clapperboard.cpp
  Clucker.cpp
  CollapsingPlatform.cpp
  CollapsingSand.cpp
  CompetitionMenu.cpp
  Constellation.cpp
  ContinuePlayer.cpp
  ContinueSetup.cpp
  ConveyorBelt.cpp
  ConveyorPlatform.cpp
  ConveyorWheel.cpp
  CorkscrewPath.cpp
  Crabmeat.cpp
  Crane.cpp
  CrashTest.cpp
  Crate.cpp
  CreditsSetup.cpp
  CrimsonEye.cpp
  Current.cpp
  Generating Code...
  Compiling...
  CutsceneHBH.cpp
  CutsceneSeq.cpp
  Cylinder.cpp
  DAControl.cpp
  DASetup.cpp
  DBTower.cpp
  DCEvent.cpp
  DDWrecker.cpp
  DERobot.cpp
  DNARiser.cpp
  Dango.cpp
  DashLift.cpp
  Debris.cpp
  Decoration.cpp
  DialogRunner.cpp
  DirectorChair.cpp
  DiveEggman.cpp
  DoorTrigger.cpp
  Dragonfly.cpp
  Drillerdroid.cpp
  Generating Code...
  Compiling...
  DrillerdroidO.cpp
  ERZGunner.cpp
  ERZKing.cpp
  ERZMystic.cpp
  ERZOutro.cpp
  ERZRider.cpp
  ERZSetup.cpp
  ERZShinobi.cpp
  ERZStart.cpp
  EggLoco.cpp
  EggPistonsMKII.cpp
  EggTV.cpp
  EggTower.cpp
  Eggman.cpp
  ElectroMagnet.cpp
  EncoreGoodEnd.cpp
  EncoreIntro.cpp
  EscapeCar.cpp
  ExtrasMenu.cpp
  FBZ1Outro.cpp
  Generating Code...
  Compiling...
  FBZ2Outro.cpp
  FBZFan.cpp
  FBZMissile.cpp
  FBZSetup.cpp
  FBZSinkTrash.cpp
  FBZStorm.cpp
  FBZTrash.cpp
  FXExpandRing.cpp
  FXFade.cpp
  FXRuby.cpp
  FXSpinRay.cpp
  FXTrail.cpp
  FXWaveRing.cpp
  Fan.cpp
  FarPlane.cpp
  FernParallax.cpp
  FilmProjector.cpp
  FilmReel.cpp
  Fireflies.cpp
  Firework.cpp
  Generating Code...
  Compiling...
  Fireworm.cpp
  FlameSpring.cpp
  Flamethrower.cpp
  FlasherMKII.cpp
  FlingRamp.cpp
  Flipper.cpp
  FlowerPod.cpp
  FoldingPlatform.cpp
  ForceSpin.cpp
  ForceUnstick.cpp
  FrostThrower.cpp
  Funnel.cpp
  GHZ2Outro.cpp
  GHZCutsceneK.cpp
  GHZCutsceneST.cpp
  GHZSetup.cpp
  Gachapandora.cpp
  GasPlatform.cpp
  GenericTrigger.cpp
  GiantPistol.cpp
  Generating Code...
  Compiling...
  GigaMetal.cpp
  Gondola.cpp
  Grabber.cpp
  GreenScreen.cpp
  GymBar.cpp
  HCZ1Intro.cpp
  HCZOneWayDoor.cpp
  HCZSetup.cpp
  HCZSpikeBall.cpp
  HPZEmerald.cpp
  HandLauncher.cpp
  HangConveyor.cpp
  HangGlider.cpp
  HangPoint.cpp
  Hatch.cpp
  Hatterkiller.cpp
  HeavyGunner.cpp
  HeavyKing.cpp
  HeavyMystic.cpp
  HeavyRider.cpp
  Generating Code...
  Compiling...
  HeavyShinobi.cpp
  HiLoSign.cpp
  Honkytonk.cpp
  Hotaru.cpp
  HotaruHiWatt.cpp
  HotaruMKII.cpp
  Ice.cpp
  IceBomba.cpp
  IceSpring.cpp
  Iwamodoki.cpp
  JacobsLadder.cpp
  Jawz.cpp
  Jellygnite.cpp
  JuggleSaw.cpp
  JunctionWheel.cpp
  Kabasira.cpp
  Kanabun.cpp
  KingAttack.cpp
  KingClaw.cpp
  KleptoMobile.cpp
  Generating Code...
  Compiling...
  LEDPanel.cpp
  LRZ1Intro.cpp
  LRZ1Outro.cpp
  LRZ1Setup.cpp
  LRZ2Setup.cpp
  LRZ3Cutscene.cpp
  LRZ3Outro.cpp
  LRZ3OutroK.cpp
  LRZ3Setup.cpp
  LRZConvControl.cpp
  LRZConvDropper.cpp
  LRZConvItem.cpp
  LRZConvSwitch.cpp
  LRZConveyor.cpp
  LRZFireball.cpp
  LRZRockPile.cpp
  LRZSpikeBall.cpp
  LRZSpiral.cpp
  LargeGear.cpp
  LaunchSpring.cpp
  Generating Code...
  Compiling...
  Launcher.cpp
  LaundroMobile.cpp
  LavaFall.cpp
  LavaGeyser.cpp
  Letterboard.cpp
  LevelSelect.cpp
  LightBarrier.cpp
  LightBulb.cpp
  Localization.cpp
  LocoSmoke.cpp
  LogoSetup.cpp
  LottoBall.cpp
  LottoMachine.cpp
  LoveTester.cpp
  MMZ2Outro.cpp
  MMZLightning.cpp
  MMZSetup.cpp
  MMZWheel.cpp
  MSBomb.cpp
  MSFactory.cpp
  Generating Code...
  Compiling...
  MSHologram.cpp
  MSOrb.cpp
  MSPanel.cpp
  MSZ1KIntro.cpp
  MSZ2Cutscene.cpp
  MSZCutsceneK.cpp
  MSZCutsceneST.cpp
  MSZSetup.cpp
  MSZSpotlight.cpp
  MagPlatform.cpp
  MagSpikeBall.cpp
  MagnetSphere.cpp
  MainMenu.cpp
  ManiaModeMenu.cpp
  MatryoshkaBom.cpp
  MechaBu.cpp
  MegaChopper.cpp
  MegaOctus.cpp
  MenuParam.cpp
  MenuSetup.cpp
  Generating Code...
  Compiling...
  MetalArm.cpp
  MetalSonic.cpp
  MeterDroid.cpp
  MicDrop.cpp
  Mine.cpp
  MonarchBG.cpp
  MonarchPlans.cpp
  MonkeyDude.cpp
  Motobug.cpp
  Music.cpp
  Newspaper.cpp
  Newtron.cpp
  OOZ1Outro.cpp
  OOZ2Outro.cpp
  OOZFlames.cpp
  OOZSetup.cpp
  Octus.cpp
  OneWayDoor.cpp
  OptionsMenu.cpp
  OrbitSpike.cpp
  Generating Code...
  Compiling...
  PBL_Bumper.cpp
  PBL_Camera.cpp
  PBL_Crane.cpp
  PBL_Flipper.cpp
  PBL_HUD.cpp
  PBL_Player.cpp
  PBL_Ring.cpp
  PBL_Sector.cpp
  PBL_Setup.cpp
  PBL_TargetBumper.cpp
  PKingAttack.cpp
  PSZ1Intro.cpp
  PSZ1Setup.cpp
  PSZ2Intro.cpp
  PSZ2Outro.cpp
  PSZ2Setup.cpp
  PSZDoor.cpp
  PSZEggman.cpp
  PSZLauncher.cpp
  PaintingEyes.cpp
  Generating Code...
  Compiling...
  PaperRoller.cpp
  ParallaxSprite.cpp
  PathInverter.cpp
  PauseMenu.cpp
  PetalPile.cpp
  PhantomEgg.cpp
  PhantomGunner.cpp
  PhantomHand.cpp
  PhantomKing.cpp
  PhantomMissile.cpp
  PhantomMystic.cpp
  PhantomRider.cpp
  PhantomRuby.cpp
  PhantomShield.cpp
  PhantomShinobi.cpp
  PimPom.cpp
  Pinata.cpp
  Piston.cpp
  PlaneSeeSaw.cpp
  Platform.cpp
  Generating Code...
  Compiling...
  PlatformControl.cpp
  PlatformNode.cpp
  Player.cpp
  PlayerProbe.cpp
  PohBee.cpp
  Pointdexter.cpp
  PopOut.cpp
  PopcornKernel.cpp
  PopcornMachine.cpp
  Press.cpp
  PrintBlock.cpp
  Projectile.cpp
  Propeller.cpp
  PropellerShaft.cpp
  PullChain.cpp
  PullSwitch.cpp
  PushSpring.cpp
  PuyoAI.cpp
  PuyoAttack.cpp
  PuyoBean.cpp
  Generating Code...
  Compiling...
  PuyoGame.cpp
  PuyoIndicator.cpp
  PuyoLabel.cpp
  PuyoLevelSelect.cpp
  PuyoMatch.cpp
  PuyoScore.cpp
  RPlaneShifter.cpp
  RTeleporter.cpp
  Rattlekiller.cpp
  Reagent.cpp
  ReplayDB.cpp
  ReplayRecorder.cpp
  Rexon.cpp
  Rhinobot.cpp
  RingField.cpp
  RisingLava.cpp
  RockDrill.cpp
  RockemSockem.cpp
  RollerMKII.cpp
  RotatingSpikes.cpp
  Generating Code...
  Compiling...
  RotatingStair.cpp
  RubyPortal.cpp
  SDashWheel.cpp
  SP500.cpp
  SP500MkII.cpp
  SPZ1Intro.cpp
  SPZ1Setup.cpp
  SPZ2Outro.cpp
  SPZ2Setup.cpp
  SSZ1Intro.cpp
  SSZ1Outro.cpp
  SSZ1Setup.cpp
  SSZ2Setup.cpp
  SSZ3Cutscene.cpp
  SSZEggman.cpp
  SSZSpikeBall.cpp
  SSZSpotlight.cpp
  SaveGame.cpp
  Scarab.cpp
  SchrodingersCapsule.cpp
  Generating Code...
  Compiling...
  ScrewMobile.cpp
  SeeSaw.cpp
  SeltzerBottle.cpp
  SeltzerWater.cpp
  SentryBug.cpp
  Shiversaw.cpp
  ShopWindow.cpp
  Shuriken.cpp
  Shutterbug.cpp
  SideBarrel.cpp
  SilverSonic.cpp
  SizeLaser.cpp
  SkyTeleporter.cpp
  Smog.cpp
  Snowflakes.cpp
  Sol.cpp
  SparkRail.cpp
  Spear.cpp
  SpecialClear.cpp
  SpeedBooster.cpp
  Generating Code...
  Compiling...
  SpiderMobile.cpp
  SpikeCorridor.cpp
  SpikeCrusher.cpp
  SpikeFlail.cpp
  SpikeLog.cpp
  SpinBooster.cpp
  SpinSign.cpp
  Spiny.cpp
  SpiralPlatform.cpp
  Splats.cpp
  Springboard.cpp
  Staircase.cpp
  Stalactite.cpp
  StickyPlatform.cpp
  Summary.cpp
  SummaryEmerald.cpp
  Sweep.cpp
  SwingRope.cpp
  SwitchDoor.cpp
  Syringe.cpp
  Generating Code...
  Compiling...
  TAEmerald.cpp
  TMZ1Outro.cpp
  TMZ1Setup.cpp
  TMZ2Outro.cpp
  TMZ2Setup.cpp
  TMZ3Setup.cpp
  TMZAlert.cpp
  TMZBarrier.cpp
  TMZCable.cpp
  TMZFlames.cpp
  TTCutscene.cpp
  TVFlyingBattery.cpp
  TVPole.cpp
  TVVan.cpp
  Technosqueek.cpp
  TeeterTotter.cpp
  TetherBall.cpp
  ThanksSetup.cpp
  ThoughtBubble.cpp
  TilePlatform.cpp
  Generating Code...
  Compiling...
  TimeAttackMenu.cpp
  TimePost.cpp
  TimeTravelSetup.cpp
  TippingPlatform.cpp
  Title3DSprite.cpp
  TitleBG.cpp
  TitleEggman.cpp
  TitleLogo.cpp
  TitleSetup.cpp
  TitleSonic.cpp
  Tornado.cpp
  TornadoPath.cpp
  Toxomister.cpp
  TransportTube.cpp
  TryAgain.cpp
  TryAgainE.cpp
  TubeSpring.cpp
  Tubinaut.cpp
  Tuesday.cpp
  Turbine.cpp
  Generating Code...
  Compiling...
  TurboSpiker.cpp
  TurboTurtle.cpp
  Turntable.cpp
  TurretSwitch.cpp
  TwistedTubes.cpp
  TwistingDoor.cpp
  TwistingSlide.cpp
  UFO_Camera.cpp
  UFO_Circuit.cpp
  UFO_Decoration.cpp
  UFO_Dust.cpp
  UFO_HUD.cpp
  UFO_ItemBox.cpp
  UFO_Message.cpp
  UFO_Plasma.cpp
  UFO_Player.cpp
  UFO_Ring.cpp
  UFO_Setup.cpp
  UFO_Shadow.cpp
  UFO_SpeedLines.cpp
  Generating Code...
  Compiling...
  UFO_Sphere.cpp
  UFO_Springboard.cpp
  UFO_Water.cpp
  UIBackground.cpp
  UIButton.cpp
  UIButtonLabel.cpp
  UIButtonPrompt.cpp
  UICarousel.cpp
  UICharButton.cpp
  UIChoice.cpp
  UIControl.cpp
  UICreditsText.cpp
  UIDialog.cpp
  UIDiorama.cpp
  UIHeading.cpp
  UIInfoLabel.cpp
  UIKeyBinder.cpp
  UILeaderboard.cpp
  UIMedallionPanel.cpp
  UIModeButton.cpp
  Generating Code...
  Compiling...
  UIOptionPanel.cpp
  UIPicture.cpp
  UIPopover.cpp
  UIRankButton.cpp
  UIReplayCarousel.cpp
  UIResPicker.cpp
  UISaveSlot.cpp
  UIShifter.cpp
  UISlider.cpp
  UISubHeading.cpp
  UITABanner.cpp
  UITAZoneModule.cpp
  UIText.cpp
  UITransition.cpp
  UIUsernamePopup.cpp
  UIVideo.cpp
  UIVsCharSelector.cpp
  UIVsResults.cpp
  UIVsRoundPicker.cpp
  UIVsScoreboard.cpp
  Generating Code...
  Compiling...
  UIVsZoneButton.cpp
  UIWaitSpinner.cpp
  UIWidgets.cpp
  UIWinSize.cpp
  UberCaterkiller.cpp
  UncurlPlant.cpp
  Valve.cpp
  VanishPlatform.cpp
  Vultron.cpp
  WalkerLegs.cpp
  WallBumper.cpp
  WarpDoor.cpp
  Water.cpp
  WaterGush.cpp
  WaterfallSound.cpp
  WeatherMobile.cpp
  WeatherTV.cpp
  Whirlpool.cpp
  WoodChipper.cpp
  Woodrow.cpp
  Generating Code...
  Compiling...
  YoyoPulley.cpp
  ZipLine.cpp
  Zone.cpp
  Generating Code...
  SonicMania.vcxproj -> C:\Users\owner\Documents\Sonic Hacking Stuff\Dissasemblies\ManiaDisassembly\build\SonicMania.exe
